<?xml version="1.0" encoding="UTF-8"?>
<testng-results ignored="0" total="1" passed="1" failed="0" skipped="0">
  <reporter-output>
  </reporter-output>
  <suite started-at="2022-12-17T17:06:30 IST" name="Default suite" finished-at="2022-12-17T17:06:30 IST" duration-ms="163">
    <groups>
    </groups>
    <test started-at="2022-12-17T17:06:30 IST" name="Default test" finished-at="2022-12-17T17:06:30 IST" duration-ms="163">
      <class name="organizationtest.CreateOrganizationTest">
        <test-method signature="TC_215_CreateOrgWithMandatoryFieldsTest()[pri:0, instance:organizationtest.CreateOrganizationTest@12b0404f]" started-at="2022-12-17T17:06:30 IST" name="TC_215_CreateOrgWithMandatoryFieldsTest" finished-at="2022-12-17T17:06:30 IST" duration-ms="21" status="PASS">
          <reporter-output>
          </reporter-output>
        </test-method> <!-- TC_215_CreateOrgWithMandatoryFieldsTest -->
      </class> <!-- organizationtest.CreateOrganizationTest -->
    </test> <!-- Default test -->
  </suite> <!-- Default suite -->
</testng-results>
